5
47
20
2
1
3
28
36
11
6
12
7
136
26
10
15
13
22
53
16
30
21
23
17
18
32
19
29
27
38
25
24
42
41
97
65
95
125
33
67
90
58
40
31
35
43
34
48
76
52
37
99
44
72
70
54
45
46
49
50
57
74
55
51
56
63
64
106
60
62
61
166
68
66
69
71
73
80
78
83
77
91
75
109
87
84
149
86
82
81
88
96
93
92
89
101
98
105
102
94
108
119
100
114
103
139
104
124
113
137
117
107
111
115
126
112
110
116
121
118
163
135
123
122
120
127
133
130
165
131
128
129
132
79
134
148
138
147
142
140
143
141
146
144
145
159
151
150
153
152
156
154
161
155
158
157
162
160
170
