200
125
61
49
183
109
79
50
51
29
106
17
2
113
176
198
133
56
83
24
81
75
41
155
5
95
114
20
105
185
28
196
38
156
40
173
11
179
128
171
124
102
35
80
42
119
62
178
122
129
90
130
123
153
100
94
55
22
10
66
149
7
165
15
180
1
85
58
82
73
111
52
141
112
44
182
26
99
9
48
190
193
13
96
126
43
16
148
45
188
64
161
131
86
87
101
69
121
168
159
72
158
93
152
74
154
110
140
8
60
18
36
138
166
117
115
151
197
6
136
65
57
108
150
63
53
167
177
89
132
97
169
92
142
32
70
157
145
181
118
84
116
76
162
39
186
187
163
14
31
98
27
164
143
147
30
25
134
184
59
175
174
194
107
4
127
34
68
88
104
19
91
12
23
21
47
137
139
37
135
3
191
71
78
172
103
54
160
33
144
189
120
77
192
146
170
195
199
67
46
