160
138
171
183
130
112
147
101
116
151
197
161
7
39
3
155
156
98
84
51
70
78
61
42
91
20
8
79
6
193
36
149
59
77
99
23
62
114
176
195
175
192
95
134
100
198
119
5
128
18
32
169
27
71
122
56
124
33
48
76
164
153
166
16
46
117
92
90
21
165
167
186
82
4
93
135
26
47
72
13
11
30
152
174
54
12
38
143
57
181
87
19
173
188
187
15
133
104
191
126
189
89
107
25
120
58
179
185
157
53
63
108
159
177
52
81
43
168
37
88
60
144
111
136
97
2
194
55
125
86
113
148
64
106
65
141
180
184
190
66
41
73
68
103
24
154
146
