2
1
5
3
4
6
9
7
8
11
10
12
14
13
16
15
20
17
18
19
21
23
22
24
25
27
26
28
29
32
30
31
34
33
35
36
38
37
39
41
40
42
45
43
44
48
46
47
49
51
50
52
56
53
54
55
59
57
58
60
61
63
62
64
65
68
66
67
69
70
71
72
76
73
74
75
80
77
78
79
83
81
82
85
84
87
86
88
93
89
90
91
92
95
94
100
96
97
98
99
103
101
102
104
110
105
106
107
108
109
112
111
113
115
114
118
116
117
122
119
120
121
124
123
128
125
126
127
129
130
131
135
132
133
134
137
136
138
142
139
140
141
145
143
144
147
146
151
148
149
150
152
154
153
157
155
156
158
159
163
160
161
162
164
166
165
167
168
172
169
170
171
173
178
174
175
176
177
179
180
