1
2
3
5
7
4
9
8
11
6
14
13
15
16
10
18
17
19
12
25
158
198
20
29
26
21
22
36
28
23
30
140
24
50
35
31
80
27
37
32
33
43
34
102
45
38
93
39
65
98
40
41
42
64
44
63
57
101
51
62
48
195
157
46
53
60
61
135
59
112
83
49
47
94
54
77
100
55
131
99
129
56
153
52
75
72
69
84
82
111
88
58
95
143
110
71
85
105
136
67
113
81
145
97
66
106
76
194
92
70
107
189
89
87
108
154
186
68
74
185
104
114
168
187
170
78
134
133
79
150
86
126
164
120
125
90
124
116
151
103
115
117
91
171
96
146
127
166
161
159
160
118
109
119
123
121
122
73
128
130
132
137
152
174
169
139
138
144
180
178
181
149
165
190
175
182
155
142
156
196
141
176
167
162
197
147
148
177
191
163
179
173
192
172
200
199
183
184
188
193
