150
4
117
143
114
119
118
63
91
135
27
24
126
7
146
51
95
183
55
190
106
103
87
184
170
49
152
107
165
65
148
141
120
1
88
77
31
182
111
86
76
193
113
52
72
89
8
79
22
173
123
21
160
163
180
159
161
20
41
156
121
96
44
78
9
157
179
37
45
144
56
125
84
132
3
174
14
169
196
93
23
35
28
54
80
6
171
39
198
97
61
176
131
186
140
177
82
199
83
59
200
46
19
69
137
68
181
64
50
128
73
11
34
191
58
139
13
16
194
17
154
67
142
26
178
175
47
53
98
189
195
12
124
33
136
168
43
71
85
38
129
42
36
158
192
48
105
75
164
110
145
104
92
122
99
185
2
18
29
147
94
138
66
133
112
197
166
134
81
188
116
74
100
30
155
108
127
153
32
5
57
60
10
187
172
167
62
101
109
162
130
151
15
40
25
115
102
70
149
90
