121
81
144
91
48
55
47
59
100
52
97
92
49
195
181
71
80
182
160
151
58
63
109
101
77
152
65
179
167
89
62
127
186
162
110
111
69
180
146
94
170
72
140
51
87
90
73
37
135
84
189
54
1
156
96
157
147
103
172
108
161
197
154
159
194
61
19
66
3
20
43
70
185
200
199
126
153
15
118
42
125
60
45
145
191
18
117
165
14
130
169
7
139
190
149
129
164
106
64
166
13
75
198
67
68
141
192
24
50
26
102
86
36
124
184
150
44
17
5
35
113
85
107
56
33
115
53
11
138
116
193
27
133
82
6
120
131
40
99
21
32
4
143
57
112
163
93
196
46
128
119
136
183
177
31
122
25
178
98
168
137
173
123
158
114
171
78
188
175
38
2
174
41
10
83
88
95
187
79
74
132
104
155
12
134
76
142
105
176
8
23
28
34
148
22
30
39
9
29
16
